<?xml version="1.0" encoding="UTF-8"?>
<testng-results skipped="0" failed="0" total="1" passed="1">
  <reporter-output>
  </reporter-output>
  <suite name="Default suite" duration-ms="52" started-at="2016-02-29T22:30:52Z" finished-at="2016-02-29T22:30:52Z">
    <groups>
    </groups>
    <test name="Default test" duration-ms="52" started-at="2016-02-29T22:30:52Z" finished-at="2016-02-29T22:30:52Z">
      <class name="test.management.memory.memory_management.MainMemoryUnitTest">
        <test-method status="PASS" signature="testConstructorInitialisation()[pri:0, instance:test.management.memory.memory_management.MainMemoryUnitTest@b704be4]" name="testConstructorInitialisation" duration-ms="26" started-at="2016-02-29T22:30:52Z" finished-at="2016-02-29T22:30:52Z">
          <reporter-output>
          </reporter-output>
        </test-method> <!-- testConstructorInitialisation -->
      </class> <!-- test.management.memory.memory_management.MainMemoryUnitTest -->
    </test> <!-- Default test -->
  </suite> <!-- Default suite -->
</testng-results>
