<?xml version="1.0" encoding="UTF-8"?>
<testng-results skipped="0" failed="0" total="1" passed="1">
  <reporter-output>
  </reporter-output>
  <suite name="Default suite" duration-ms="119" started-at="2016-03-03T23:05:17Z" finished-at="2016-03-03T23:05:18Z">
    <groups>
    </groups>
    <test name="Default test" duration-ms="119" started-at="2016-03-03T23:05:17Z" finished-at="2016-03-03T23:05:18Z">
      <class name="test.management.memory.memory_management.MemoryControllerUnitTest">
        <test-method status="PASS" signature="testAllocateMemoryToNewProcessWhenTherIsEnoughMemory()[pri:0, instance:test.management.memory.memory_management.MemoryControllerUnitTest@3eb07e43]" name="testAllocateMemoryToNewProcessWhenTherIsEnoughMemory" duration-ms="56" started-at="2016-03-03T23:05:17Z" finished-at="2016-03-03T23:05:18Z">
          <reporter-output>
          </reporter-output>
        </test-method> <!-- testAllocateMemoryToNewProcessWhenTherIsEnoughMemory -->
      </class> <!-- test.management.memory.memory_management.MemoryControllerUnitTest -->
    </test> <!-- Default test -->
  </suite> <!-- Default suite -->
</testng-results>
